<?xml version="1.0" encoding="UTF-8"?>
<!-- Generated by org.testng.reporters.JUnitReportReporter -->
<testsuite hostname="DESKTOP-M9P8T3T" failures="0" tests="1" name="tests.WebTablesTest" time="14.340" errors="0" timestamp="2022-10-13T21:48:44 CEST" skipped="0">
  <testcase classname="tests.WebTablesTest" name="userCanSearch" time="14.340"/>
  <system-out/>
</testsuite> <!-- tests.WebTablesTest -->
